<?xml version="1.0" encoding="UTF-8"?>
<!-- Generated by org.testng.reporters.JUnitXMLReporter -->
<testsuite ignored="0" hostname="LIN41006109" failures="0" tests="5" name="Default test" time="3.959" errors="0" timestamp="2022-07-14T07:13:10 IST">
  <testcase classname="tests.GenerateLoad" name="validateRequest" time="1.65"/>
  <testcase classname="tests.GenerateLoad" name="validateRequest" time="0.075"/>
  <testcase classname="tests.GenerateLoad" name="validateRequest" time="0.904"/>
  <testcase classname="tests.GenerateLoad" name="validateRequest" time="0.089"/>
  <testcase classname="tests.GenerateLoad" name="validateRequest" time="0.08"/>
</testsuite> <!-- Default test -->