<?xml version="1.0" encoding="UTF-8"?>
<testng-results ignored="0" total="5" passed="5" failed="0" skipped="0">
  <reporter-output>
  </reporter-output>
  <suite started-at="2022-07-14T07:13:06 IST" name="Default suite" finished-at="2022-07-14T07:13:10 IST" duration-ms="3959">
    <groups>
    </groups>
    <test started-at="2022-07-14T07:13:06 IST" name="Default test" finished-at="2022-07-14T07:13:10 IST" duration-ms="3959">
      <class name="tests.GenerateLoad">
        <test-method is-config="true" signature="preSetup()[pri:0, instance:tests.GenerateLoad@773f7880]" started-at="2022-07-14T07:13:06 IST" name="preSetup" finished-at="2022-07-14T07:13:06 IST" duration-ms="12" status="PASS">
          <reporter-output>
          </reporter-output>
        </test-method> <!-- preSetup -->
        <test-method is-config="true" signature="setup()[pri:0, instance:tests.GenerateLoad@773f7880]" started-at="2022-07-14T07:13:06 IST" name="setup" finished-at="2022-07-14T07:13:07 IST" duration-ms="787" status="PASS">
          <reporter-output>
          </reporter-output>
        </test-method> <!-- setup -->
        <test-method signature="validateRequest(java.lang.String, java.lang.String, java.lang.String, java.lang.String, java.lang.String)[pri:0, instance:tests.GenerateLoad@773f7880]" started-at="2022-07-14T07:13:07 IST" name="validateRequest" data-provider="DataFromExcel" finished-at="2022-07-14T07:13:08 IST" duration-ms="1650" status="PASS">
          <params>
            <param index="0">
              <value>
                <![CDATA[GET]]>
              </value>
            </param>
            <param index="1">
              <value>
                <![CDATA[/products]]>
              </value>
            </param>
            <param index="2">
              <value>
                <![CDATA[content-type]]>
              </value>
            </param>
            <param index="3">
              <value>
                <![CDATA[NA]]>
              </value>
            </param>
            <param index="4">
              <value>
                <![CDATA[$limit,3]]>
              </value>
            </param>
          </params>
          <reporter-output>
          </reporter-output>
        </test-method> <!-- validateRequest -->
        <test-method signature="validateRequest(java.lang.String, java.lang.String, java.lang.String, java.lang.String, java.lang.String)[pri:0, instance:tests.GenerateLoad@773f7880]" started-at="2022-07-14T07:13:08 IST" name="validateRequest" data-provider="DataFromExcel" finished-at="2022-07-14T07:13:08 IST" duration-ms="75" status="PASS">
          <params>
            <param index="0">
              <value>
                <![CDATA[POST]]>
              </value>
            </param>
            <param index="1">
              <value>
                <![CDATA[/products]]>
              </value>
            </param>
            <param index="2">
              <value>
                <![CDATA[content-type]]>
              </value>
            </param>
            <param index="3">
              <value>
                <![CDATA[{
"name": "iphone",
"type": "Smart Phone",
"price": 1000,
"shipping": 10,
"upc": "string",
"description": "color white, ram 4 gb, processor A12 bionic",
"manufacturer": "Apple California",
"model": "iphone 11",
"url": "string",
"image": "string"
}]]>
              </value>
            </param>
            <param index="4">
              <value>
                <![CDATA[NA]]>
              </value>
            </param>
          </params>
          <reporter-output>
          </reporter-output>
        </test-method> <!-- validateRequest -->
        <test-method signature="validateRequest(java.lang.String, java.lang.String, java.lang.String, java.lang.String, java.lang.String)[pri:0, instance:tests.GenerateLoad@773f7880]" started-at="2022-07-14T07:13:08 IST" name="validateRequest" data-provider="DataFromExcel" finished-at="2022-07-14T07:13:09 IST" duration-ms="904" status="PASS">
          <params>
            <param index="0">
              <value>
                <![CDATA[PUT]]>
              </value>
            </param>
            <param index="1">
              <value>
                <![CDATA[/products]]>
              </value>
            </param>
            <param index="2">
              <value>
                <![CDATA[content-type]]>
              </value>
            </param>
            <param index="3">
              <value>
                <![CDATA[{
"name": "iphone",
"type": "Smart Phone",
"price": 1000,
"shipping": 10,
"upc": "string",
"description": "color white, ram 4 gb, processor A12 bionic",
"manufacturer": "Apple California",
"model": "iphone 11",
"url": "string",
"image": "string"
}]]>
              </value>
            </param>
            <param index="4">
              <value>
                <![CDATA[id]]>
              </value>
            </param>
          </params>
          <reporter-output>
          </reporter-output>
        </test-method> <!-- validateRequest -->
        <test-method signature="validateRequest(java.lang.String, java.lang.String, java.lang.String, java.lang.String, java.lang.String)[pri:0, instance:tests.GenerateLoad@773f7880]" started-at="2022-07-14T07:13:09 IST" name="validateRequest" data-provider="DataFromExcel" finished-at="2022-07-14T07:13:09 IST" duration-ms="89" status="PASS">
          <params>
            <param index="0">
              <value>
                <![CDATA[PATCH]]>
              </value>
            </param>
            <param index="1">
              <value>
                <![CDATA[/products]]>
              </value>
            </param>
            <param index="2">
              <value>
                <![CDATA[content-type: application/json;  charset=utf-8]]>
              </value>
            </param>
            <param index="3">
              <value>
                <![CDATA[{ "name": "iphone",
"type": "Smart Phone", 
"price": 1500,
"shipping": 15, 
"upc": "string", 
"description": "color green, ram 8 gb, processor A15 bionic", 
"manufacturer": "Apple California", 
"model": "iphone 13", 
"url": "string", 
"image": "string" 
}]]>
              </value>
            </param>
            <param index="4">
              <value>
                <![CDATA[id]]>
              </value>
            </param>
          </params>
          <reporter-output>
          </reporter-output>
        </test-method> <!-- validateRequest -->
        <test-method signature="validateRequest(java.lang.String, java.lang.String, java.lang.String, java.lang.String, java.lang.String)[pri:0, instance:tests.GenerateLoad@773f7880]" started-at="2022-07-14T07:13:09 IST" name="validateRequest" data-provider="DataFromExcel" finished-at="2022-07-14T07:13:09 IST" duration-ms="80" status="PASS">
          <params>
            <param index="0">
              <value>
                <![CDATA[DELETE]]>
              </value>
            </param>
            <param index="1">
              <value>
                <![CDATA[/products]]>
              </value>
            </param>
            <param index="2">
              <value>
                <![CDATA[content-type,Connection]]>
              </value>
            </param>
            <param index="3">
              <value>
                <![CDATA[{
"name": "iphone",
"type": "Start Phone",
"price": 1000,
"shipping": 10,
"upc": "string",
"description": "color white, ram 4 gb, processor A12 bionic",
"manufacturer": "Apple California",
"model": "iphone 11",
"url": "string",
"image": "string"
}]]>
              </value>
            </param>
            <param index="4">
              <value>
                <![CDATA[id]]>
              </value>
            </param>
          </params>
          <reporter-output>
          </reporter-output>
        </test-method> <!-- validateRequest -->
        <test-method is-config="true" signature="writeToExcel()[pri:0, instance:tests.GenerateLoad@773f7880]" started-at="2022-07-14T07:13:09 IST" name="writeToExcel" finished-at="2022-07-14T07:13:10 IST" duration-ms="330" status="PASS">
          <reporter-output>
          </reporter-output>
        </test-method> <!-- writeToExcel -->
      </class> <!-- tests.GenerateLoad -->
    </test> <!-- Default test -->
  </suite> <!-- Default suite -->
</testng-results>